Zookeeper : Waking up Gabi the Giraffe.
Gabi is waking up.
Zookeeper : Waking up Geno the Giraffe.
Geno is waking up.
Zookeeper : Waking up Gal the Goat.
Gal is waking up.
Zookeeper : Waking up Gag the Goat.
Gag is waking up.
Zookeeper : Waking up Carl the Crocodile.
Carl is waking up.
Zookeeper : Waking up Cassey the Crocodile.
Cassey is waking up.
Zookeeper : Waking up Lily the Lion.
Lily is waking up.
Zookeeper : Waking up Lee the Lion.
Lee is waking up.
Zookeeper : Waking up Ben the Bear.
Ben is waking up.
Zookeeper : Waking up Boo the Bear.
Boo is waking up.
Zookeeper : Waking up Pepa the Pig.
Pepa is waking up.
Zookeeper : Waking up Pooh the Pig.
Pooh is waking up.
--------------------------------------------------------
Zookeeper : Calling Gabi the Giraffe!!!
*** Misbehavior ***
Gabi is eating greens.
Zookeeper : Calling Geno the Giraffe!!!
Geno : I am a Giraffeee.
Zookeeper : Calling Gal the Goat!!!
Gal : Bahhhhhh.
Zookeeper : Calling Gag the Goat!!!
Gag : Bahhhhhh.
Zookeeper : Calling Carl the Crocodile!!!
Carl : I am a Crocodileee.
Zookeeper : Calling Cassey the Crocodile!!!
Cassey : I am a Crocodileee.
Zookeeper : Calling Lily the Lion!!!
Lily : Roars.
Zookeeper : Calling Lee the Lion!!!
Lee : Roars.
Zookeeper : Calling Ben the Bear!!!
Ben : Brrrrrr.
Zookeeper : Calling Boo the Bear!!!
Boo : Brrrrrr.
Zookeeper : Calling Pepa the Pig!!!
Pepa : Oink Oink.
Zookeeper : Calling Pooh the Pig!!!
Pooh : Oink Oink.
--------------------------------------------------------
Zookeeper : Feeding Gabi the Giraffe!!!
*** Misbehavior ***
Gabi walks.
Zookeeper : Feeding Geno the Giraffe!!!
*** Misbehavior ***
Geno : I am a Giraffeee.
Zookeeper : Feeding Gal the Goat!!!
Gal is eating greens.
Zookeeper : Feeding Gag the Goat!!!
Gag is eating greens.
Zookeeper : Feeding Carl the Crocodile!!!
Carl is eating meat.
Zookeeper : Feeding Cassey the Crocodile!!!
Cassey is eating meat.
Zookeeper : Feeding Lily the Lion!!!
Lily is eating meat.
Zookeeper : Feeding Lee the Lion!!!
Lee is eating meat.
Zookeeper : Feeding Ben the Bear!!!
Ben is eating greens and meat.
Zookeeper : Feeding Boo the Bear!!!
Boo is eating greens and meat.
Zookeeper : Feeding Pepa the Pig!!!
Pepa is eating greens and meat.
Zookeeper : Feeding Pooh the Pig!!!
Pooh is eating greens and meat.
--------------------------------------------------------
Zookeeper : Making Gabi the Giraffe exercise.
*** Misbehavior ***
Gabi is going to sleep Zzzz.
Zookeeper : Making Geno the Giraffe exercise.
Geno walks.
Zookeeper : Making Gal the Goat exercise.
Gal grazes.
Zookeeper : Making Gag the Goat exercise.
Gag grazes.
Zookeeper : Making Carl the Crocodile exercise.
Carl swims.
Zookeeper : Making Cassey the Crocodile exercise.
Cassey swims.
Zookeeper : Making Lily the Lion exercise.
Lily runs.
Zookeeper : Making Lee the Lion exercise.
Lee runs.
Zookeeper : Making Ben the Bear exercise.
Ben moves.
Zookeeper : Making Boo the Bear exercise.
Boo moves.
Zookeeper : Making Pepa the Pig exercise.
Pepa jumps.
Zookeeper : Making Pooh the Pig exercise.
Pooh jumps.
--------------------------------------------------------
Zookeeper : Putting Gabi the Giraffe to sleep.
Gabi is going to sleep Zzzz.
Zookeeper : Putting Geno the Giraffe to sleep.
*** Misbehavior ***
Geno is eating greens.
Zookeeper : Putting Gal the Goat to sleep.
Gal is going to sleep Zzzz.
Zookeeper : Putting Gag the Goat to sleep.
Gag is going to sleep Zzzz.
Zookeeper : Putting Carl the Crocodile to sleep.
Carl is going to sleep Zzzz.
Zookeeper : Putting Cassey the Crocodile to sleep.
Cassey is going to sleep Zzzz.
Zookeeper : Putting Lily the Lion to sleep.
Lily is going to sleep Zzzz.
Zookeeper : Putting Lee the Lion to sleep.
Lee is going to sleep Zzzz.
Zookeeper : Putting Ben the Bear to sleep.
Ben is going to sleep Zzzz.
Zookeeper : Putting Boo the Bear to sleep.
Boo is going to sleep Zzzz.
Zookeeper : Putting Pepa the Pig to sleep.
Pepa is going to sleep Zzzz.
Zookeeper : Putting Pooh the Pig to sleep.
Pooh is going to sleep Zzzz.
 ******** Zoo shut down ******** 
