Hi, this is the Zoo Announcer. The Zookeeper is about to wake the animals!
Zookeeper : Waking up  Gabi  the  Giraffe .
Gabi  is waking up
Zookeeper : Waking up  Geno  the  Giraffe .
Geno  is waking up
Zookeeper : Waking up  Gal  the  Goat .
Gal  is waking up
Zookeeper : Waking up  Gag  the  Goat .
Gag  is waking up
Zookeeper : Waking up  Carl  the  Crocodile .
Carl  is waking up
Zookeeper : Waking up  Cassey  the  Crocodile .
Cassey  is waking up
Zookeeper : Waking up  Lily  the  Lion .
Lily  is waking up
Zookeeper : Waking up  Lee  the  Lion .
Lee  is waking up
Zookeeper : Waking up  Ben  the  Bear .
Ben  is waking up
Zookeeper : Waking up  Boo  the  Bear .
Boo  is waking up
Zookeeper : Waking up  Pepa  the  Pig .
Pepa  is waking up
Zookeeper : Waking up  Pooh  the  Pig .
Pooh  is waking up
--------------------------------------------------------
Hi, this is the Zoo Announcer. The Zookeeper is about to roll call the animals!
Zookeeper : Calling  Gabi  the  Giraffe .
Gabi  : Giraffeeee
Zookeeper : Calling  Geno  the  Giraffe .
Geno  : Giraffeeee
Zookeeper : Calling  Gal  the  Goat .
Gal  : Baaaah
Zookeeper : Calling  Gag  the  Goat .
Gag  : Baaaah
Zookeeper : Calling  Carl  the  Crocodile .
Carl  : Crocodileeeee
Zookeeper : Calling  Cassey  the  Crocodile .
Cassey  : Crocodileeeee
Zookeeper : Calling  Lily  the  Lion .
Zookeeper : Calling  Lee  the  Lion .
Zookeeper : Calling  Ben  the  Bear .
Ben  : Brrrrrr
Zookeeper : Calling  Boo  the  Bear .
Boo  : Brrrrrr
Zookeeper : Calling  Pepa  the  Pig .
Pepa  : Oink oink
Zookeeper : Calling  Pooh  the  Pig .
Pooh  : Oink oink
--------------------------------------------------------
Hi, this is the Zoo Announcer. The Zookeeper is about to feed the animals!
Zookeeper : Feeding  Gabi  the  Giraffe .
Gabi  is eating grass
Zookeeper : Feeding  Geno  the  Giraffe .
Geno  is eating grass
Zookeeper : Feeding  Gal  the  Goat .
Gal  is eating grass
Zookeeper : Feeding  Gag  the  Goat .
Gag  is eating grass
Zookeeper : Feeding  Carl  the  Crocodile .
Carl  is eating meat
Zookeeper : Feeding  Cassey  the  Crocodile .
Cassey  is eating meat
Zookeeper : Feeding  Lily  the  Lion .
Lily  is eating meat
Zookeeper : Feeding  Lee  the  Lion .
Lee  is eating meat
Zookeeper : Feeding  Ben  the  Bear .
Ben  is eating greens and meat
Zookeeper : Feeding  Boo  the  Bear .
Boo  is eating greens and meat
Zookeeper : Feeding  Pepa  the  Pig .
Pepa  is eating greens and meat
Zookeeper : Feeding  Pooh  the  Pig .
Pooh  is eating greens and meat
--------------------------------------------------------
Hi, this is the Zoo Announcer. The Zookeeper is about to make the animals roam!
Zookeeper : Making  Gabi  the  Giraffe  exercise.
Gabi  walks
Zookeeper : Making  Geno  the  Giraffe  exercise.
Geno  walks
Zookeeper : Making  Gal  the  Goat  exercise.
Gal  grazes
Zookeeper : Making  Gag  the  Goat  exercise.
Gag  grazes
Zookeeper : Making  Carl  the  Crocodile  exercise.
Carl  swims
Zookeeper : Making  Cassey  the  Crocodile  exercise.
Cassey  swims
Zookeeper : Making  Lily  the  Lion  exercise.
Lily  runs
Zookeeper : Making  Lee  the  Lion  exercise.
Lee  runs
Zookeeper : Making  Ben  the  Bear  exercise.
Ben  moves
Zookeeper : Making  Boo  the  Bear  exercise.
Boo  moves
Zookeeper : Making  Pepa  the  Pig  exercise.
Pepa  jumps
Zookeeper : Making  Pooh  the  Pig  exercise.
Pooh  jumps
--------------------------------------------------------
Hi, this is the Zoo Announcer. The Zookeeper is about to close the zoo!
Zookeeper : Putting  Gabi  the  Giraffe  to sleep.
Gabi  is waking up
Zookeeper : Putting  Geno  the  Giraffe  to sleep.
Geno  is waking up
Zookeeper : Putting  Gal  the  Goat  to sleep.
Gal  is waking up
Zookeeper : Putting  Gag  the  Goat  to sleep.
Gag  is waking up
Zookeeper : Putting  Carl  the  Crocodile  to sleep.
Carl  is waking up
Zookeeper : Putting  Cassey  the  Crocodile  to sleep.
Cassey  is waking up
Zookeeper : Putting  Lily  the  Lion  to sleep.
Lily  is waking up
Zookeeper : Putting  Lee  the  Lion  to sleep.
Lee  is waking up
Zookeeper : Putting  Ben  the  Bear  to sleep.
Ben  is waking up
Zookeeper : Putting  Boo  the  Bear  to sleep.
Boo  is waking up
Zookeeper : Putting  Pepa  the  Pig  to sleep.
Pepa  is waking up
Zookeeper : Putting  Pooh  the  Pig  to sleep.
Pooh  is waking up
Zookeeper : Zoo Announcer can no longer observe me!
 ******** Zoo shut down ******** 
